<?xml version="1.0" encoding="UTF-8"?>
<!-- Generated by org.testng.reporters.JUnitReportReporter -->
<testsuite hostname="DESKTOP-TRIVF0G" failures="0" tests="1" name="testCases.TC_bookingFlight_01" time="66.042" errors="0" timestamp="2022-01-21T21:58:54 CST" skipped="0">
  <testcase classname="testCases.TC_bookingFlight_01" name="bookingFlight" time="66.042"/>
  <system-out/>
</testsuite> <!-- testCases.TC_bookingFlight_01 -->
