<?xml version="1.0" encoding="UTF-8"?>
<!-- Generated by org.testng.reporters.JUnitReportReporter -->
<testsuite hostname="DESKTOP-TRIVF0G" failures="0" tests="1" name="testCases.TC_searchProduct_001" time="17.130" errors="0" timestamp="2022-01-21T22:00:16 CST" skipped="0">
  <testcase classname="testCases.TC_searchProduct_001" name="AmazonProduct" time="17.130"/>
  <system-out/>
</testsuite> <!-- testCases.TC_searchProduct_001 -->
